#####################################################################
2023-06-14 19:00:01.365979+09:00
카테고리는 nestjs 로 하겠습니다.
주제는 how to set multi type for one field (with type of array or object) of schema (Typescript , NestJs) 로 하겠습니다.
제목 만들었습니다. "Resolving Multi-Type Field Errors in Schema using TypeScript and NestJs" : 101
본문 1/2 만들었습니다. : 980
본문 2/2 만들었습니다. : 982
참고할만한 사이트를 만들었습니다. "Resolving Multi-Type Field Errors in Schema using TypeScript and NestJs" : 351
파일을 생성하기 전 잠깐 기다립니다.
파일을 생성하겠습니다.
모든 작업이 끝났습니다.
#####################################################################
#####################################################################
2023-06-14 20:00:02.136914+09:00
카테고리는 javascript 로 하겠습니다.
주제는 You&#39;re importing a component that needs useState. It only works in a Client Component, but none of its parents are marked with &quot;use client&quot; 로 하겠습니다.
제목 만들었습니다. "Resolving the 'useState' Error in Client Components: A Comprehensive Guide" : 112
본문 1/2 만들었습니다. : 1164
본문 2/2 만들었습니다. : 1227
참고할만한 사이트를 만들었습니다. "Resolving the 'useState' Error in Client Components: A Comprehensive Guide" : 377
파일을 생성하기 전 잠깐 기다립니다.
파일을 생성하겠습니다.
모든 작업이 끝났습니다.
#####################################################################
#####################################################################
2023-06-15 02:00:01.263140+09:00
카테고리는 nestjs 로 하겠습니다.
주제는 I cannot use Websocket package on NestJS 로 하겠습니다.
제목 만들었습니다. "Resolving Websocket Package Issues in NestJS" : 81
본문 1/2 만들었습니다. : 1187
본문 2/2 만들었습니다. : 1153
참고할만한 사이트를 만들었습니다. "Resolving Websocket Package Issues in NestJS" : 310
파일을 생성하기 전 잠깐 기다립니다.
파일을 생성하겠습니다.
모든 작업이 끝났습니다.
#####################################################################
#####################################################################
2023-06-15 08:00:02.014199+09:00
카테고리는 nodejs 로 하겠습니다.
주제는 &quot;The Fetch API is an experimental feature. This feature could change at any time&quot; while installing a Nuxt3 app 로 하겠습니다.
제목 만들었습니다. "Resolving the 'Fetch API is an Experimental Feature' Error During Nuxt3 Installation" : 107
본문 1/2 만들었습니다. : 1055
본문 2/2 만들었습니다. : 868
참고할만한 사이트를 만들었습니다. "Resolving the 'Fetch API is an Experimental Feature' Error During Nuxt3 Installation" : 295
파일을 생성하기 전 잠깐 기다립니다.
파일을 생성하겠습니다.
모든 작업이 끝났습니다.
#####################################################################
